2010-11-07 05:10:06 Warning: Warning (512): <span style="color:Red;text-align:left"><b>SQL Error:</b> 1054: Unknown column 'Diary.u_id' in 'where clause'</span> in [D:\xampp\xampp\htdocs\cake\libs\model\datasources\dbo_source.php, line 684]
2010-11-07 05:14:32 Warning: Warning (512): <span style="color:Red;text-align:left"><b>SQL Error:</b> 1054: Unknown column 'Diary.u_id' in 'where clause'</span> in [D:\xampp\xampp\htdocs\cake\libs\model\datasources\dbo_source.php, line 684]
2010-11-07 05:18:41 Warning: Warning (512): <span style="color:Red;text-align:left"><b>SQL Error:</b> 1054: Unknown column 'Diary.u_id' in 'where clause'</span> in [D:\xampp\xampp\htdocs\cake\libs\model\datasources\dbo_source.php, line 684]
2010-11-07 05:18:43 Warning: Warning (512): <span style="color:Red;text-align:left"><b>SQL Error:</b> 1054: Unknown column 'Diary.u_id' in 'where clause'</span> in [D:\xampp\xampp\htdocs\cake\libs\model\datasources\dbo_source.php, line 684]
2010-11-07 05:19:46 Warning: Warning (512): <span style="color:Red;text-align:left"><b>SQL Error:</b> 1054: Unknown column 'Diary.u_id' in 'where clause'</span> in [D:\xampp\xampp\htdocs\cake\libs\model\datasources\dbo_source.php, line 684]
2010-11-07 05:19:46 Warning: Warning (2): mysqli_connect() [<a href='http://php.net/function.mysqli-connect'>function.mysqli-connect</a>]: (28000/1045): Access denied for user 'feek'@'localhost' (using password: YES) in [D:\xampp\xampp\htdocs\app\views\mydiary\index.ctp, line 4]
2010-11-07 05:19:46 Warning: Warning (2): Invalid argument supplied for foreach() in [D:\xampp\xampp\htdocs\app\views\mydiary\index.ctp, line 17]
2010-11-07 05:19:46 Warning: Warning (2): Invalid argument supplied for foreach() in [D:\xampp\xampp\htdocs\app\views\mydiary\index.ctp, line 42]
2010-11-07 05:20:57 Warning: Warning (512): <span style="color:Red;text-align:left"><b>SQL Error:</b> 1054: Unknown column 'Diary.u_id' in 'where clause'</span> in [D:\xampp\xampp\htdocs\cake\libs\model\datasources\dbo_source.php, line 684]
2010-11-07 05:20:57 Warning: Warning (2): mysqli_connect() [<a href='http://php.net/function.mysqli-connect'>function.mysqli-connect</a>]: (28000/1045): Access denied for user 'feek'@'localhost' (using password: YES) in [D:\xampp\xampp\htdocs\app\views\mydiary\index.ctp, line 4]
2010-11-07 05:20:57 Warning: Warning (2): Invalid argument supplied for foreach() in [D:\xampp\xampp\htdocs\app\views\mydiary\index.ctp, line 17]
2010-11-07 05:20:57 Warning: Warning (2): Invalid argument supplied for foreach() in [D:\xampp\xampp\htdocs\app\views\mydiary\index.ctp, line 42]
2010-11-07 05:21:55 Warning: Warning (512): <span style="color:Red;text-align:left"><b>SQL Error:</b> 1054: Unknown column 'Diary.u_id' in 'where clause'</span> in [D:\xampp\xampp\htdocs\cake\libs\model\datasources\dbo_source.php, line 684]
2010-11-07 05:21:55 Warning: Warning (2): Invalid argument supplied for foreach() in [D:\xampp\xampp\htdocs\app\views\mydiary\index.ctp, line 17]
2010-11-07 05:21:55 Warning: Warning (2): Invalid argument supplied for foreach() in [D:\xampp\xampp\htdocs\app\views\mydiary\index.ctp, line 42]
2010-11-07 05:22:31 Warning: Warning (512): <span style="color:Red;text-align:left"><b>SQL Error:</b> 1054: Unknown column 'Diary.u_id' in 'where clause'</span> in [D:\xampp\xampp\htdocs\cake\libs\model\datasources\dbo_source.php, line 684]
2010-11-07 05:22:31 Warning: Warning (2): Invalid argument supplied for foreach() in [D:\xampp\xampp\htdocs\app\views\mydiary\index.ctp, line 17]
2010-11-07 05:22:31 Warning: Warning (2): Invalid argument supplied for foreach() in [D:\xampp\xampp\htdocs\app\views\mydiary\index.ctp, line 40]
2010-11-07 05:22:37 Warning: Warning (512): <span style="color:Red;text-align:left"><b>SQL Error:</b> 1054: Unknown column 'Diary.u_id' in 'where clause'</span> in [D:\xampp\xampp\htdocs\cake\libs\model\datasources\dbo_source.php, line 684]
2010-11-07 05:22:37 Warning: Warning (2): Invalid argument supplied for foreach() in [D:\xampp\xampp\htdocs\app\views\mydiary\index.ctp, line 17]
2010-11-07 05:22:37 Warning: Warning (2): Invalid argument supplied for foreach() in [D:\xampp\xampp\htdocs\app\views\mydiary\index.ctp, line 40]
2010-11-07 05:24:14 Warning: Warning (512): <span style="color:Red;text-align:left"><b>SQL Error:</b> 1054: Unknown column 'u_id' in 'field list'</span> in [D:\xampp\xampp\htdocs\cake\libs\model\datasources\dbo_source.php, line 684]
2010-11-07 05:25:23 Warning: Warning (512): <span style="color:Red;text-align:left"><b>SQL Error:</b> 1054: Unknown column 'u_id' in 'field list'</span> in [D:\xampp\xampp\htdocs\cake\libs\model\datasources\dbo_source.php, line 684]
2010-11-07 05:26:17 Warning: Warning (512): <span style="color:Red;text-align:left"><b>SQL Error:</b> 1054: Unknown column 'u_id' in 'field list'</span> in [D:\xampp\xampp\htdocs\cake\libs\model\datasources\dbo_source.php, line 684]
2010-11-07 05:26:28 Warning: Warning (512): <span style="color:Red;text-align:left"><b>SQL Error:</b> 1054: Unknown column 'u_id' in 'field list'</span> in [D:\xampp\xampp\htdocs\cake\libs\model\datasources\dbo_source.php, line 684]
2010-11-07 05:26:30 Warning: Warning (512): <span style="color:Red;text-align:left"><b>SQL Error:</b> 1054: Unknown column 'Diary.u_id' in 'where clause'</span> in [D:\xampp\xampp\htdocs\cake\libs\model\datasources\dbo_source.php, line 684]
2010-11-07 05:26:30 Warning: Warning (2): Invalid argument supplied for foreach() in [D:\xampp\xampp\htdocs\app\views\mydiary\index.ctp, line 17]
2010-11-07 05:26:30 Warning: Warning (2): Invalid argument supplied for foreach() in [D:\xampp\xampp\htdocs\app\views\mydiary\index.ctp, line 40]
2010-11-07 05:26:42 Warning: Warning (512): <span style="color:Red;text-align:left"><b>SQL Error:</b> 1054: Unknown column 'Diary.u_id' in 'where clause'</span> in [D:\xampp\xampp\htdocs\cake\libs\model\datasources\dbo_source.php, line 684]
2010-11-07 05:26:42 Warning: Warning (2): Invalid argument supplied for foreach() in [D:\xampp\xampp\htdocs\app\views\mydiary\index.ctp, line 17]
2010-11-07 05:26:42 Warning: Warning (2): Invalid argument supplied for foreach() in [D:\xampp\xampp\htdocs\app\views\mydiary\index.ctp, line 40]
2010-11-07 05:26:50 Warning: Warning (512): <span style="color:Red;text-align:left"><b>SQL Error:</b> 1054: Unknown column 'u_id' in 'field list'</span> in [D:\xampp\xampp\htdocs\cake\libs\model\datasources\dbo_source.php, line 684]
2010-11-07 05:28:39 Warning: Warning (512): <span style="color:Red;text-align:left"><b>SQL Error:</b> 1054: Unknown column 'Diary.u_id' in 'where clause'</span> in [D:\xampp\xampp\htdocs\cake\libs\model\datasources\dbo_source.php, line 684]
2010-11-07 05:28:39 Warning: Warning (2): Invalid argument supplied for foreach() in [D:\xampp\xampp\htdocs\app\views\mydiary\index.ctp, line 17]
2010-11-07 05:28:39 Warning: Warning (2): Invalid argument supplied for foreach() in [D:\xampp\xampp\htdocs\app\views\mydiary\index.ctp, line 40]
2010-11-07 05:28:41 Warning: Warning (512): <span style="color:Red;text-align:left"><b>SQL Error:</b> 1054: Unknown column 'u_id' in 'field list'</span> in [D:\xampp\xampp\htdocs\cake\libs\model\datasources\dbo_source.php, line 684]
2010-11-07 05:29:36 Warning: Warning (512): <span style="color:Red;text-align:left"><b>SQL Error:</b> 1054: Unknown column 'Diary.u_id' in 'where clause'</span> in [D:\xampp\xampp\htdocs\cake\libs\model\datasources\dbo_source.php, line 684]
2010-11-07 05:29:36 Warning: Warning (2): Invalid argument supplied for foreach() in [D:\xampp\xampp\htdocs\app\views\mydiary\index.ctp, line 17]
2010-11-07 05:29:36 Warning: Warning (2): Invalid argument supplied for foreach() in [D:\xampp\xampp\htdocs\app\views\mydiary\index.ctp, line 40]
2010-11-07 05:29:37 Warning: Warning (512): <span style="color:Red;text-align:left"><b>SQL Error:</b> 1054: Unknown column 'u_id' in 'field list'</span> in [D:\xampp\xampp\htdocs\cake\libs\model\datasources\dbo_source.php, line 684]
2010-11-07 05:30:33 Warning: Warning (512): <span style="color:Red;text-align:left"><b>SQL Error:</b> 1054: Unknown column 'Diary.u_id' in 'where clause'</span> in [D:\xampp\xampp\htdocs\cake\libs\model\datasources\dbo_source.php, line 684]
2010-11-07 05:30:33 Warning: Warning (2): Invalid argument supplied for foreach() in [D:\xampp\xampp\htdocs\app\views\mydiary\index.ctp, line 17]
2010-11-07 05:30:33 Warning: Warning (2): Invalid argument supplied for foreach() in [D:\xampp\xampp\htdocs\app\views\mydiary\index.ctp, line 40]
2010-11-07 05:30:35 Warning: Warning (512): <span style="color:Red;text-align:left"><b>SQL Error:</b> 1054: Unknown column 'u_id' in 'field list'</span> in [D:\xampp\xampp\htdocs\cake\libs\model\datasources\dbo_source.php, line 684]
2010-11-07 05:32:10 Warning: Warning (512): <span style="color:Red;text-align:left"><b>SQL Error:</b> 1054: Unknown column 'Diary.u_id' in 'where clause'</span> in [D:\xampp\xampp\htdocs\cake\libs\model\datasources\dbo_source.php, line 684]
2010-11-07 05:32:10 Warning: Warning (2): Invalid argument supplied for foreach() in [D:\xampp\xampp\htdocs\app\views\mydiary\index.ctp, line 17]
2010-11-07 05:32:10 Warning: Warning (2): Invalid argument supplied for foreach() in [D:\xampp\xampp\htdocs\app\views\mydiary\index.ctp, line 40]
2010-11-07 05:32:12 Warning: Warning (512): <span style="color:Red;text-align:left"><b>SQL Error:</b> 1054: Unknown column 'u_id' in 'field list'</span> in [D:\xampp\xampp\htdocs\cake\libs\model\datasources\dbo_source.php, line 684]
2010-11-07 05:33:40 Warning: Warning (512): <span style="color:Red;text-align:left"><b>SQL Error:</b> 1054: Unknown column 'Diary.u_id' in 'where clause'</span> in [D:\xampp\xampp\htdocs\cake\libs\model\datasources\dbo_source.php, line 684]
2010-11-07 05:33:40 Warning: Warning (2): Invalid argument supplied for foreach() in [D:\xampp\xampp\htdocs\app\views\mydiary\index.ctp, line 17]
2010-11-07 05:33:40 Warning: Warning (2): Invalid argument supplied for foreach() in [D:\xampp\xampp\htdocs\app\views\mydiary\index.ctp, line 40]
2010-11-07 05:33:42 Warning: Warning (512): <span style="color:Red;text-align:left"><b>SQL Error:</b> 1054: Unknown column 'u_id' in 'field list'</span> in [D:\xampp\xampp\htdocs\cake\libs\model\datasources\dbo_source.php, line 684]
2010-11-07 05:36:35 Warning: Warning (512): <span style="color:Red;text-align:left"><b>SQL Error:</b> 1054: Unknown column 'Diary.u_id' in 'where clause'</span> in [D:\xampp\xampp\htdocs\cake\libs\model\datasources\dbo_source.php, line 684]
2010-11-07 05:36:35 Warning: Warning (2): Invalid argument supplied for foreach() in [D:\xampp\xampp\htdocs\app\views\mydiary\index.ctp, line 17]
2010-11-07 05:36:35 Warning: Warning (2): Invalid argument supplied for foreach() in [D:\xampp\xampp\htdocs\app\views\mydiary\index.ctp, line 40]
2010-11-07 05:36:39 Warning: Warning (512): <span style="color:Red;text-align:left"><b>SQL Error:</b> 1054: Unknown column 'Diary.u_id' in 'where clause'</span> in [D:\xampp\xampp\htdocs\cake\libs\model\datasources\dbo_source.php, line 684]
2010-11-07 05:36:39 Warning: Warning (2): Invalid argument supplied for foreach() in [D:\xampp\xampp\htdocs\app\views\mydiary\index.ctp, line 17]
2010-11-07 05:36:39 Warning: Warning (2): Invalid argument supplied for foreach() in [D:\xampp\xampp\htdocs\app\views\mydiary\index.ctp, line 40]
2010-11-07 05:36:55 Warning: Warning (512): <span style="color:Red;text-align:left"><b>SQL Error:</b> 1054: Unknown column 'Diary.u_id' in 'where clause'</span> in [D:\xampp\xampp\htdocs\cake\libs\model\datasources\dbo_source.php, line 684]
2010-11-07 05:36:55 Warning: Warning (2): Invalid argument supplied for foreach() in [D:\xampp\xampp\htdocs\app\views\mydiary\index.ctp, line 17]
2010-11-07 05:36:55 Warning: Warning (2): Invalid argument supplied for foreach() in [D:\xampp\xampp\htdocs\app\views\mydiary\index.ctp, line 40]
2010-11-07 05:36:57 Warning: Warning (512): <span style="color:Red;text-align:left"><b>SQL Error:</b> 1054: Unknown column 'u_id' in 'field list'</span> in [D:\xampp\xampp\htdocs\cake\libs\model\datasources\dbo_source.php, line 684]
2010-11-07 10:53:22 Warning: Warning (512): <span style="color:Red;text-align:left"><b>SQL Error:</b> 1054: Unknown column 'Diary.u_id' in 'where clause'</span> in [D:\xampp\xampp\htdocs\cake\libs\model\datasources\dbo_source.php, line 684]
2010-11-07 10:53:22 Warning: Warning (2): Invalid argument supplied for foreach() in [D:\xampp\xampp\htdocs\app\views\mydiary\index.ctp, line 17]
2010-11-07 10:53:22 Warning: Warning (2): Invalid argument supplied for foreach() in [D:\xampp\xampp\htdocs\app\views\mydiary\index.ctp, line 40]
2010-11-07 10:54:43 Warning: Warning (512): <span style="color:Red;text-align:left"><b>SQL Error:</b> 1054: Unknown column 'Diary.u_id' in 'where clause'</span> in [D:\xampp\xampp\htdocs\cake\libs\model\datasources\dbo_source.php, line 684]
2010-11-07 10:54:43 Warning: Warning (2): Invalid argument supplied for foreach() in [D:\xampp\xampp\htdocs\app\views\mydiary\index.ctp, line 17]
2010-11-07 10:54:43 Warning: Warning (2): Invalid argument supplied for foreach() in [D:\xampp\xampp\htdocs\app\views\mydiary\index.ctp, line 40]
2010-11-07 10:54:58 Warning: Warning (512): <span style="color:Red;text-align:left"><b>SQL Error:</b> 1054: Unknown column 'Diary.u_id' in 'where clause'</span> in [D:\xampp\xampp\htdocs\cake\libs\model\datasources\dbo_source.php, line 684]
2010-11-07 10:54:58 Warning: Warning (2): Invalid argument supplied for foreach() in [D:\xampp\xampp\htdocs\app\views\mydiary\index.ctp, line 17]
2010-11-07 10:54:58 Warning: Warning (2): Invalid argument supplied for foreach() in [D:\xampp\xampp\htdocs\app\views\mydiary\index.ctp, line 40]
2010-11-07 10:55:11 Warning: Warning (512): <span style="color:Red;text-align:left"><b>SQL Error:</b> 1054: Unknown column 'Diary.u_id' in 'where clause'</span> in [D:\xampp\xampp\htdocs\cake\libs\model\datasources\dbo_source.php, line 684]
2010-11-07 10:55:11 Warning: Warning (2): Invalid argument supplied for foreach() in [D:\xampp\xampp\htdocs\app\views\mydiary\index.ctp, line 17]
2010-11-07 10:55:11 Warning: Warning (2): Invalid argument supplied for foreach() in [D:\xampp\xampp\htdocs\app\views\mydiary\index.ctp, line 40]
2010-11-07 11:01:50 Warning: Warning (512): <span style="color:Red;text-align:left"><b>SQL Error:</b> 1054: Unknown column 'Diary.u_id' in 'where clause'</span> in [D:\xampp\xampp\htdocs\cake\libs\model\datasources\dbo_source.php, line 684]
2010-11-07 11:01:50 Warning: Warning (2): Invalid argument supplied for foreach() in [D:\xampp\xampp\htdocs\app\views\mydiary\index.ctp, line 17]
2010-11-07 11:35:35 Warning: Warning (512): メソッド FormHelper::image が存在しません in [D:\xampp\xampp\htdocs\cake\libs\view\helper.php, line 154]
2010-11-07 11:35:35 Warning: Warning (512): メソッド FormHelper::image が存在しません in [D:\xampp\xampp\htdocs\cake\libs\view\helper.php, line 154]
